[0726/201118.915:ERROR:process_reader_win.cc(151)] SuspendThread: Access is denied. (0x5)
[0726/201119.367:ERROR:process_reader_win.cc(123)] NtOpenThread: {Access Denied} A process has requested access to an object, but has not been granted those access rights. (0xc0000022)
[0726/201119.367:ERROR:exception_snapshot_win.cc(98)] thread ID 7612 not found in process
[0726/201209.941:ERROR:process_reader_win.cc(151)] SuspendThread: Access is denied. (0x5)
[0726/201209.945:ERROR:process_reader_win.cc(123)] NtOpenThread: {Access Denied} A process has requested access to an object, but has not been granted those access rights. (0xc0000022)
[0726/201209.945:ERROR:exception_snapshot_win.cc(98)] thread ID 21384 not found in process
[0726/201209.949:ERROR:process_reader_win.cc(123)] NtOpenThread: {Access Denied} A process has requested access to an object, but has not been granted those access rights. (0xc0000022)
[0726/201209.949:ERROR:exception_snapshot_win.cc(98)] thread ID 16448 not found in process
[0726/201209.965:ERROR:process_reader_win.cc(123)] NtOpenThread: {Access Denied} A process has requested access to an object, but has not been granted those access rights. (0xc0000022)
[0726/201209.965:ERROR:exception_snapshot_win.cc(98)] thread ID 19844 not found in process
[0726/201258.465:ERROR:process_reader_win.cc(151)] SuspendThread: Access is denied. (0x5)
[0726/201258.469:ERROR:process_reader_win.cc(123)] NtOpenThread: {Access Denied} A process has requested access to an object, but has not been granted those access rights. (0xc0000022)
[0726/201258.469:ERROR:exception_snapshot_win.cc(98)] thread ID 2868 not found in process
[0726/201258.473:ERROR:process_reader_win.cc(123)] NtOpenThread: {Access Denied} A process has requested access to an object, but has not been granted those access rights. (0xc0000022)
[0726/201258.473:ERROR:exception_snapshot_win.cc(98)] thread ID 3092 not found in process
[0726/201258.477:ERROR:process_reader_win.cc(123)] NtOpenThread: {Access Denied} A process has requested access to an object, but has not been granted those access rights. (0xc0000022)
[0726/201258.477:ERROR:exception_snapshot_win.cc(98)] thread ID 10776 not found in process
[0726/201556.524:ERROR:process_reader_win.cc(123)] NtOpenThread: {Access Denied} A process has requested access to an object, but has not been granted those access rights. (0xc0000022)
[0726/201556.524:ERROR:exception_snapshot_win.cc(98)] thread ID 14192 not found in process
[0726/201556.528:ERROR:process_reader_win.cc(123)] NtOpenThread: {Access Denied} A process has requested access to an object, but has not been granted those access rights. (0xc0000022)
[0726/201556.528:ERROR:exception_snapshot_win.cc(98)] thread ID 5352 not found in process
[0726/201556.536:ERROR:process_reader_win.cc(123)] NtOpenThread: {Access Denied} A process has requested access to an object, but has not been granted those access rights. (0xc0000022)
[0726/201556.540:ERROR:exception_snapshot_win.cc(98)] thread ID 23056 not found in process
[0726/201838.187:ERROR:process_reader_win.cc(123)] NtOpenThread: {Access Denied} A process has requested access to an object, but has not been granted those access rights. (0xc0000022)
[0726/201838.187:ERROR:exception_snapshot_win.cc(98)] thread ID 9060 not found in process
[0726/201838.207:ERROR:process_reader_win.cc(123)] NtOpenThread: {Access Denied} A process has requested access to an object, but has not been granted those access rights. (0xc0000022)
[0726/201838.207:ERROR:exception_snapshot_win.cc(98)] thread ID 18928 not found in process
[0726/211710.249:ERROR:process_reader_win.cc(151)] SuspendThread: Access is denied. (0x5)
[0726/211710.269:ERROR:process_reader_win.cc(151)] SuspendThread: Access is denied. (0x5)
[0726/211710.317:ERROR:process_reader_win.cc(123)] NtOpenThread: {Access Denied} A process has requested access to an object, but has not been granted those access rights. (0xc0000022)
[0726/211710.329:ERROR:exception_snapshot_win.cc(98)] thread ID 14960 not found in process
[0726/211710.317:ERROR:process_reader_win.cc(123)] NtOpenThread: {Access Denied} A process has requested access to an object, but has not been granted those access rights. (0xc0000022)
[0726/211710.333:ERROR:exception_snapshot_win.cc(98)] thread ID 25160 not found in process
[0726/211750.932:ERROR:process_reader_win.cc(123)] NtOpenThread: {Access Denied} A process has requested access to an object, but has not been granted those access rights. (0xc0000022)
[0726/211750.932:ERROR:exception_snapshot_win.cc(98)] thread ID 15260 not found in process
[0726/211750.952:ERROR:process_reader_win.cc(123)] NtOpenThread: {Access Denied} A process has requested access to an object, but has not been granted those access rights. (0xc0000022)
[0726/211750.952:ERROR:exception_snapshot_win.cc(98)] thread ID 10828 not found in process
[0726/211902.501:ERROR:process_reader_win.cc(151)] SuspendThread: Access is denied. (0x5)
[0726/211902.501:ERROR:process_reader_win.cc(123)] NtOpenThread: {Access Denied} A process has requested access to an object, but has not been granted those access rights. (0xc0000022)
[0726/211902.501:ERROR:exception_snapshot_win.cc(98)] thread ID 22196 not found in process
[0726/211902.505:ERROR:process_reader_win.cc(151)] SuspendThread: Access is denied. (0x5)
[0726/211902.505:ERROR:process_reader_win.cc(123)] NtOpenThread: {Access Denied} A process has requested access to an object, but has not been granted those access rights. (0xc0000022)
[0726/211902.505:ERROR:exception_snapshot_win.cc(98)] thread ID 20864 not found in process
[0726/211902.513:ERROR:process_reader_win.cc(123)] NtOpenThread: {Access Denied} A process has requested access to an object, but has not been granted those access rights. (0xc0000022)
[0726/211902.513:ERROR:exception_snapshot_win.cc(98)] thread ID 23784 not found in process
[0726/212037.220:ERROR:process_reader_win.cc(151)] SuspendThread: Access is denied. (0x5)
[0726/212037.224:ERROR:process_reader_win.cc(123)] NtOpenThread: {Access Denied} A process has requested access to an object, but has not been granted those access rights. (0xc0000022)
[0726/212037.224:ERROR:exception_snapshot_win.cc(98)] thread ID 16896 not found in process
[0726/212037.232:ERROR:process_reader_win.cc(151)] SuspendThread: Access is denied. (0x5)
[0726/212037.232:ERROR:process_reader_win.cc(151)] SuspendThread: Access is denied. (0x5)
[0726/212037.232:ERROR:process_reader_win.cc(151)] SuspendThread: Access is denied. (0x5)
[0726/212037.232:ERROR:process_reader_win.cc(151)] SuspendThread: Access is denied. (0x5)
[0726/212037.232:ERROR:process_reader_win.cc(123)] NtOpenThread: {Access Denied} A process has requested access to an object, but has not been granted those access rights. (0xc0000022)
[0726/212037.232:ERROR:exception_snapshot_win.cc(98)] thread ID 16980 not found in process
[0726/212203.271:ERROR:process_reader_win.cc(151)] SuspendThread: Access is denied. (0x5)
[0726/212203.275:ERROR:process_reader_win.cc(123)] NtOpenThread: {Access Denied} A process has requested access to an object, but has not been granted those access rights. (0xc0000022)
[0726/212203.275:ERROR:exception_snapshot_win.cc(98)] thread ID 14520 not found in process
[0726/212203.279:ERROR:process_reader_win.cc(151)] SuspendThread: Access is denied. (0x5)
[0726/212203.279:ERROR:process_reader_win.cc(123)] NtOpenThread: {Access Denied} A process has requested access to an object, but has not been granted those access rights. (0xc0000022)
[0726/212203.279:ERROR:exception_snapshot_win.cc(98)] thread ID 24208 not found in process
[0726/212203.287:ERROR:process_reader_win.cc(123)] NtOpenThread: {Access Denied} A process has requested access to an object, but has not been granted those access rights. (0xc0000022)
[0726/212203.287:ERROR:exception_snapshot_win.cc(98)] thread ID 16576 not found in process
[0727/145050.378:ERROR:process_reader_win.cc(151)] SuspendThread: Access is denied. (0x5)
[0727/145050.413:ERROR:process_reader_win.cc(151)] SuspendThread: Access is denied. (0x5)
[0727/145050.413:ERROR:process_reader_win.cc(123)] NtOpenThread: {Access Denied} A process has requested access to an object, but has not been granted those access rights. (0xc0000022)
[0727/145050.252:ERROR:process_reader_win.cc(123)] NtOpenThread: {Access Denied} A process has requested access to an object, but has not been granted those access rights. (0xc0000022)
[0727/145050.444:ERROR:exception_snapshot_win.cc(98)] thread ID 6228 not found in process
[0727/145050.444:ERROR:exception_snapshot_win.cc(98)] thread ID 1688 not found in process
[0727/145126.003:ERROR:process_reader_win.cc(123)] NtOpenThread: {Access Denied} A process has requested access to an object, but has not been granted those access rights. (0xc0000022)
[0727/145126.003:ERROR:exception_snapshot_win.cc(98)] thread ID 16620 not found in process
[0727/145126.005:ERROR:process_reader_win.cc(123)] NtOpenThread: {Access Denied} A process has requested access to an object, but has not been granted those access rights. (0xc0000022)
[0727/145126.005:ERROR:exception_snapshot_win.cc(98)] thread ID 11844 not found in process
[0727/145126.027:ERROR:process_reader_win.cc(123)] NtOpenThread: {Access Denied} A process has requested access to an object, but has not been granted those access rights. (0xc0000022)
[0727/145126.028:ERROR:exception_snapshot_win.cc(98)] thread ID 12448 not found in process
[0727/145304.740:ERROR:process_reader_win.cc(151)] SuspendThread: Access is denied. (0x5)
[0727/145304.754:ERROR:process_reader_win.cc(151)] SuspendThread: Access is denied. (0x5)
[0727/145304.872:ERROR:process_reader_win.cc(151)] SuspendThread: Access is denied. (0x5)
[0727/145304.872:ERROR:process_reader_win.cc(123)] NtOpenThread: {Access Denied} A process has requested access to an object, but has not been granted those access rights. (0xc0000022)
[0727/145304.872:ERROR:process_reader_win.cc(123)] NtOpenThread: {Access Denied} A process has requested access to an object, but has not been granted those access rights. (0xc0000022)
[0727/145304.872:ERROR:exception_snapshot_win.cc(98)] thread ID 21544 not found in process
[0727/145304.872:ERROR:exception_snapshot_win.cc(98)] thread ID 24304 not found in process
[0727/224925.563:ERROR:process_reader_win.cc(123)] NtOpenThread: {Access Denied} A process has requested access to an object, but has not been granted those access rights. (0xc0000022)
[0727/224925.604:ERROR:process_reader_win.cc(123)] NtOpenThread: {Access Denied} A process has requested access to an object, but has not been granted those access rights. (0xc0000022)
[0727/224925.658:ERROR:exception_snapshot_win.cc(98)] thread ID 13608 not found in process
[0727/224925.658:ERROR:exception_snapshot_win.cc(98)] thread ID 11764 not found in process
[0727/225209.410:ERROR:process_reader_win.cc(151)] SuspendThread: Access is denied. (0x5)
[0727/225209.410:ERROR:process_reader_win.cc(151)] SuspendThread: Access is denied. (0x5)
[0727/225209.410:ERROR:process_reader_win.cc(151)] SuspendThread: Access is denied. (0x5)
[0727/225209.410:ERROR:process_reader_win.cc(151)] SuspendThread: Access is denied. (0x5)
[0727/225209.410:ERROR:process_reader_win.cc(151)] SuspendThread: Access is denied. (0x5)
[0727/225209.410:ERROR:process_reader_win.cc(151)] SuspendThread: Access is denied. (0x5)
[0727/225209.410:ERROR:process_reader_win.cc(151)] SuspendThread: Access is denied. (0x5)
[0727/225209.410:ERROR:process_reader_win.cc(151)] SuspendThread: Access is denied. (0x5)
[0727/225209.410:ERROR:process_reader_win.cc(151)] SuspendThread: Access is denied. (0x5)
[0727/225209.410:ERROR:process_reader_win.cc(151)] SuspendThread: Access is denied. (0x5)
[0727/225209.410:ERROR:process_reader_win.cc(151)] SuspendThread: Access is denied. (0x5)
[0727/225209.410:ERROR:process_reader_win.cc(151)] SuspendThread: Access is denied. (0x5)
[0727/225209.410:ERROR:process_reader_win.cc(151)] SuspendThread: Access is denied. (0x5)
[0727/225209.410:ERROR:process_reader_win.cc(151)] SuspendThread: Access is denied. (0x5)
[0727/225209.411:ERROR:process_reader_win.cc(123)] NtOpenThread: {Access Denied} A process has requested access to an object, but has not been granted those access rights. (0xc0000022)
[0727/225209.411:ERROR:exception_snapshot_win.cc(98)] thread ID 8612 not found in process
[0727/225209.569:ERROR:process_reader_win.cc(123)] NtOpenThread: {Access Denied} A process has requested access to an object, but has not been granted those access rights. (0xc0000022)
[0727/225209.570:ERROR:exception_snapshot_win.cc(98)] thread ID 1568 not found in process
[0727/225320.699:ERROR:process_reader_win.cc(151)] SuspendThread: Access is denied. (0x5)
[0727/225320.699:ERROR:process_reader_win.cc(123)] NtOpenThread: {Access Denied} A process has requested access to an object, but has not been granted those access rights. (0xc0000022)
[0727/225320.699:ERROR:exception_snapshot_win.cc(98)] thread ID 8180 not found in process
[0727/225320.715:ERROR:process_reader_win.cc(151)] SuspendThread: Access is denied. (0x5)
[0727/225320.715:ERROR:process_reader_win.cc(151)] SuspendThread: Access is denied. (0x5)
[0727/225320.715:ERROR:process_reader_win.cc(123)] NtOpenThread: {Access Denied} A process has requested access to an object, but has not been granted those access rights. (0xc0000022)
[0727/225320.715:ERROR:exception_snapshot_win.cc(98)] thread ID 17428 not found in process
[0727/225613.796:ERROR:process_reader_win.cc(151)] SuspendThread: Access is denied. (0x5)
[0727/225613.797:ERROR:process_reader_win.cc(123)] NtOpenThread: {Access Denied} A process has requested access to an object, but has not been granted those access rights. (0xc0000022)
[0727/225613.797:ERROR:exception_snapshot_win.cc(98)] thread ID 15148 not found in process
[0727/225613.813:ERROR:process_reader_win.cc(151)] SuspendThread: Access is denied. (0x5)
[0727/225613.813:ERROR:process_reader_win.cc(151)] SuspendThread: Access is denied. (0x5)
[0727/225613.813:ERROR:process_reader_win.cc(151)] SuspendThread: Access is denied. (0x5)
[0727/225613.813:ERROR:process_reader_win.cc(151)] SuspendThread: Access is denied. (0x5)
[0727/225613.813:ERROR:process_reader_win.cc(151)] SuspendThread: Access is denied. (0x5)
[0727/225613.813:ERROR:process_reader_win.cc(123)] NtOpenThread: {Access Denied} A process has requested access to an object, but has not been granted those access rights. (0xc0000022)
[0727/225613.813:ERROR:exception_snapshot_win.cc(98)] thread ID 8156 not found in process
[0727/225638.579:ERROR:process_reader_win.cc(123)] NtOpenThread: {Access Denied} A process has requested access to an object, but has not been granted those access rights. (0xc0000022)
[0727/225638.579:ERROR:exception_snapshot_win.cc(98)] thread ID 7556 not found in process
[0727/225638.590:ERROR:process_reader_win.cc(123)] NtOpenThread: {Access Denied} A process has requested access to an object, but has not been granted those access rights. (0xc0000022)
[0727/225638.591:ERROR:exception_snapshot_win.cc(98)] thread ID 17884 not found in process
[0727/225745.514:ERROR:process_reader_win.cc(151)] SuspendThread: Access is denied. (0x5)
[0727/225745.515:ERROR:process_reader_win.cc(151)] SuspendThread: Access is denied. (0x5)
[0727/225745.515:ERROR:process_reader_win.cc(123)] NtOpenThread: {Access Denied} A process has requested access to an object, but has not been granted those access rights. (0xc0000022)
[0727/225745.516:ERROR:exception_snapshot_win.cc(98)] thread ID 16784 not found in process
[0727/225745.518:ERROR:process_reader_win.cc(151)] SuspendThread: Access is denied. (0x5)
[0727/225745.518:ERROR:process_reader_win.cc(123)] NtOpenThread: {Access Denied} A process has requested access to an object, but has not been granted those access rights. (0xc0000022)
[0727/225745.519:ERROR:exception_snapshot_win.cc(98)] thread ID 24392 not found in process
[0727/225745.529:ERROR:process_reader_win.cc(123)] NtOpenThread: {Access Denied} A process has requested access to an object, but has not been granted those access rights. (0xc0000022)
[0727/225745.529:ERROR:exception_snapshot_win.cc(98)] thread ID 13244 not found in process
[0727/225951.789:ERROR:process_reader_win.cc(151)] SuspendThread: Access is denied. (0x5)
[0727/225951.790:ERROR:process_reader_win.cc(123)] NtOpenThread: {Access Denied} A process has requested access to an object, but has not been granted those access rights. (0xc0000022)
[0727/225951.790:ERROR:exception_snapshot_win.cc(98)] thread ID 22916 not found in process
[0727/225951.807:ERROR:process_reader_win.cc(151)] SuspendThread: Access is denied. (0x5)
[0727/225951.807:ERROR:process_reader_win.cc(123)] NtOpenThread: {Access Denied} A process has requested access to an object, but has not been granted those access rights. (0xc0000022)
[0727/225951.807:ERROR:exception_snapshot_win.cc(98)] thread ID 25064 not found in process
[0727/225951.810:ERROR:process_reader_win.cc(151)] SuspendThread: Access is denied. (0x5)
[0727/225951.810:ERROR:process_reader_win.cc(151)] SuspendThread: Access is denied. (0x5)
[0727/225951.810:ERROR:process_reader_win.cc(151)] SuspendThread: Access is denied. (0x5)
[0727/225951.810:ERROR:process_reader_win.cc(151)] SuspendThread: Access is denied. (0x5)
[0727/225951.810:ERROR:process_reader_win.cc(123)] NtOpenThread: {Access Denied} A process has requested access to an object, but has not been granted those access rights. (0xc0000022)
[0727/225951.810:ERROR:exception_snapshot_win.cc(98)] thread ID 21464 not found in process
[0727/230104.949:ERROR:process_reader_win.cc(123)] NtOpenThread: {Access Denied} A process has requested access to an object, but has not been granted those access rights. (0xc0000022)
[0727/230104.950:ERROR:exception_snapshot_win.cc(98)] thread ID 3952 not found in process
[0727/230104.970:ERROR:process_reader_win.cc(123)] NtOpenThread: {Access Denied} A process has requested access to an object, but has not been granted those access rights. (0xc0000022)
[0727/230104.970:ERROR:exception_snapshot_win.cc(98)] thread ID 20476 not found in process
[0727/230104.970:ERROR:process_reader_win.cc(123)] NtOpenThread: {Access Denied} A process has requested access to an object, but has not been granted those access rights. (0xc0000022)
[0727/230104.970:ERROR:exception_snapshot_win.cc(98)] thread ID 21892 not found in process
[0727/230746.268:ERROR:process_reader_win.cc(151)] SuspendThread: Access is denied. (0x5)
[0727/230746.268:ERROR:process_reader_win.cc(123)] NtOpenThread: {Access Denied} A process has requested access to an object, but has not been granted those access rights. (0xc0000022)
[0727/230746.269:ERROR:exception_snapshot_win.cc(98)] thread ID 13772 not found in process
[0727/230746.284:ERROR:process_reader_win.cc(151)] SuspendThread: Access is denied. (0x5)
[0727/230746.284:ERROR:process_reader_win.cc(123)] NtOpenThread: {Access Denied} A process has requested access to an object, but has not been granted those access rights. (0xc0000022)
[0727/230746.284:ERROR:exception_snapshot_win.cc(98)] thread ID 21408 not found in process
[0730/110058.244:ERROR:process_reader_win.cc(123)] NtOpenThread: {Access Denied} A process has requested access to an object, but has not been granted those access rights. (0xc0000022)
[0730/110058.722:ERROR:process_reader_win.cc(123)] NtOpenThread: {Access Denied} A process has requested access to an object, but has not been granted those access rights. (0xc0000022)
[0730/110058.777:ERROR:exception_snapshot_win.cc(98)] thread ID 24080 not found in process
[0730/110058.777:ERROR:exception_snapshot_win.cc(98)] thread ID 24796 not found in process
[0730/110755.790:ERROR:process_reader_win.cc(151)] SuspendThread: Access is denied. (0x5)
[0730/110755.791:ERROR:process_reader_win.cc(151)] SuspendThread: Access is denied. (0x5)
[0730/110755.791:ERROR:process_reader_win.cc(123)] NtOpenThread: {Access Denied} A process has requested access to an object, but has not been granted those access rights. (0xc0000022)
[0730/110755.791:ERROR:exception_snapshot_win.cc(98)] thread ID 24760 not found in process
[0730/110755.797:ERROR:process_reader_win.cc(151)] SuspendThread: Access is denied. (0x5)
[0730/110755.797:ERROR:process_reader_win.cc(151)] SuspendThread: Access is denied. (0x5)
[0730/110755.797:ERROR:process_reader_win.cc(151)] SuspendThread: Access is denied. (0x5)
[0730/110755.797:ERROR:process_reader_win.cc(151)] SuspendThread: Access is denied. (0x5)
[0730/110755.797:ERROR:process_reader_win.cc(151)] SuspendThread: Access is denied. (0x5)
[0730/110755.797:ERROR:process_reader_win.cc(151)] SuspendThread: Access is denied. (0x5)
[0730/110755.797:ERROR:process_reader_win.cc(151)] SuspendThread: Access is denied. (0x5)
[0730/110755.797:ERROR:process_reader_win.cc(151)] SuspendThread: Access is denied. (0x5)
[0730/110755.797:ERROR:process_reader_win.cc(151)] SuspendThread: Access is denied. (0x5)
[0730/110755.798:ERROR:process_reader_win.cc(151)] SuspendThread: Access is denied. (0x5)
[0730/110755.798:ERROR:process_reader_win.cc(151)] SuspendThread: Access is denied. (0x5)
[0730/110755.798:ERROR:process_reader_win.cc(151)] SuspendThread: Access is denied. (0x5)
[0730/110755.798:ERROR:process_reader_win.cc(151)] SuspendThread: Access is denied. (0x5)
[0730/110755.798:ERROR:process_reader_win.cc(151)] SuspendThread: Access is denied. (0x5)
[0730/110755.798:ERROR:process_reader_win.cc(151)] SuspendThread: Access is denied. (0x5)
[0730/110755.798:ERROR:process_reader_win.cc(151)] SuspendThread: Access is denied. (0x5)
[0730/110755.798:ERROR:process_reader_win.cc(151)] SuspendThread: Access is denied. (0x5)
[0730/110755.798:ERROR:process_reader_win.cc(151)] SuspendThread: Access is denied. (0x5)
[0730/110755.798:ERROR:process_reader_win.cc(151)] SuspendThread: Access is denied. (0x5)
[0730/110755.798:ERROR:process_reader_win.cc(123)] NtOpenThread: {Access Denied} A process has requested access to an object, but has not been granted those access rights. (0xc0000022)
[0730/110755.798:ERROR:exception_snapshot_win.cc(98)] thread ID 27384 not found in process
[0730/110825.337:ERROR:process_reader_win.cc(151)] SuspendThread: Access is denied. (0x5)
[0730/110825.338:ERROR:process_reader_win.cc(151)] SuspendThread: Access is denied. (0x5)
[0730/110825.338:ERROR:process_reader_win.cc(123)] NtOpenThread: {Access Denied} A process has requested access to an object, but has not been granted those access rights. (0xc0000022)
[0730/110825.338:ERROR:exception_snapshot_win.cc(98)] thread ID 26328 not found in process
[0730/110825.349:ERROR:process_reader_win.cc(151)] SuspendThread: Access is denied. (0x5)
[0730/110825.349:ERROR:process_reader_win.cc(151)] SuspendThread: Access is denied. (0x5)
[0730/110825.349:ERROR:process_reader_win.cc(123)] NtOpenThread: {Access Denied} A process has requested access to an object, but has not been granted those access rights. (0xc0000022)
[0730/110825.349:ERROR:exception_snapshot_win.cc(98)] thread ID 14492 not found in process
[0730/144725.770:ERROR:process_reader_win.cc(151)] SuspendThread: Access is denied. (0x5)
[0730/144725.990:ERROR:process_reader_win.cc(151)] SuspendThread: Access is denied. (0x5)
[0730/144725.944:ERROR:process_reader_win.cc(123)] NtOpenThread: {Access Denied} A process has requested access to an object, but has not been granted those access rights. (0xc0000022)
[0730/144725.973:ERROR:process_reader_win.cc(123)] NtOpenThread: {Access Denied} A process has requested access to an object, but has not been granted those access rights. (0xc0000022)
[0730/144725.990:ERROR:process_reader_win.cc(123)] NtOpenThread: {Access Denied} A process has requested access to an object, but has not been granted those access rights. (0xc0000022)
[0730/144726.163:ERROR:exception_snapshot_win.cc(98)] thread ID 18448 not found in process
[0730/144726.163:ERROR:exception_snapshot_win.cc(98)] thread ID 9176 not found in process
[0730/144726.163:ERROR:exception_snapshot_win.cc(98)] thread ID 24392 not found in process
[0730/150546.898:ERROR:file_io.cc(89)] ReadExactly: expected 36, observed 0
[0730/170619.958:ERROR:process_reader_win.cc(151)] SuspendThread: Access is denied. (0x5)
[0730/170619.992:ERROR:process_reader_win.cc(151)] SuspendThread: Access is denied. (0x5)
[0730/170619.993:ERROR:process_reader_win.cc(151)] SuspendThread: Access is denied. (0x5)
[0730/170619.993:ERROR:process_reader_win.cc(151)] SuspendThread: Access is denied. (0x5)
[0730/170619.993:ERROR:process_reader_win.cc(151)] SuspendThread: Access is denied. (0x5)
[0730/170619.994:ERROR:process_reader_win.cc(151)] SuspendThread: Access is denied. (0x5)
[0730/170619.993:ERROR:process_reader_win.cc(123)] NtOpenThread: {Access Denied} A process has requested access to an object, but has not been granted those access rights. (0xc0000022)
[0730/170619.993:ERROR:process_reader_win.cc(123)] NtOpenThread: {Access Denied} A process has requested access to an object, but has not been granted those access rights. (0xc0000022)
[0730/170619.994:ERROR:process_reader_win.cc(123)] NtOpenThread: {Access Denied} A process has requested access to an object, but has not been granted those access rights. (0xc0000022)
[0730/170620.023:ERROR:exception_snapshot_win.cc(98)] thread ID 9124 not found in process
[0730/170620.023:ERROR:exception_snapshot_win.cc(98)] thread ID 10880 not found in process
[0730/170620.023:ERROR:exception_snapshot_win.cc(98)] thread ID 22140 not found in process
[0730/170734.963:ERROR:process_reader_win.cc(151)] SuspendThread: Access is denied. (0x5)
[0730/170734.963:ERROR:process_reader_win.cc(151)] SuspendThread: Access is denied. (0x5)
[0730/170734.963:ERROR:process_reader_win.cc(123)] NtOpenThread: {Access Denied} A process has requested access to an object, but has not been granted those access rights. (0xc0000022)
[0730/170734.963:ERROR:exception_snapshot_win.cc(98)] thread ID 17844 not found in process
[0730/170734.977:ERROR:process_reader_win.cc(123)] NtOpenThread: {Access Denied} A process has requested access to an object, but has not been granted those access rights. (0xc0000022)
[0730/170734.977:ERROR:exception_snapshot_win.cc(98)] thread ID 28252 not found in process
[0730/170734.985:ERROR:process_reader_win.cc(151)] SuspendThread: Access is denied. (0x5)
[0730/170734.985:ERROR:process_reader_win.cc(123)] NtOpenThread: {Access Denied} A process has requested access to an object, but has not been granted those access rights. (0xc0000022)
[0730/170734.985:ERROR:exception_snapshot_win.cc(98)] thread ID 21900 not found in process
[0730/190755.618:ERROR:process_reader_win.cc(151)] SuspendThread: Access is denied. (0x5)
[0730/190755.787:ERROR:process_reader_win.cc(123)] NtOpenThread: {Access Denied} A process has requested access to an object, but has not been granted those access rights. (0xc0000022)
[0730/190755.787:ERROR:exception_snapshot_win.cc(98)] thread ID 23192 not found in process
[0730/192115.412:ERROR:process_reader_win.cc(151)] SuspendThread: Access is denied. (0x5)
[0730/192115.415:ERROR:process_reader_win.cc(123)] NtOpenThread: {Access Denied} A process has requested access to an object, but has not been granted those access rights. (0xc0000022)
[0730/192115.416:ERROR:exception_snapshot_win.cc(98)] thread ID 6872 not found in process
[0730/192115.446:ERROR:process_reader_win.cc(123)] NtOpenThread: {Access Denied} A process has requested access to an object, but has not been granted those access rights. (0xc0000022)
[0730/192115.446:ERROR:exception_snapshot_win.cc(98)] thread ID 8236 not found in process
[0730/192457.794:ERROR:process_reader_win.cc(123)] NtOpenThread: {Access Denied} A process has requested access to an object, but has not been granted those access rights. (0xc0000022)
[0730/192457.796:ERROR:exception_snapshot_win.cc(98)] thread ID 27928 not found in process
[0730/192457.803:ERROR:process_reader_win.cc(151)] SuspendThread: Access is denied. (0x5)
[0730/192457.804:ERROR:process_reader_win.cc(151)] SuspendThread: Access is denied. (0x5)
[0730/192457.804:ERROR:process_reader_win.cc(123)] NtOpenThread: {Access Denied} A process has requested access to an object, but has not been granted those access rights. (0xc0000022)
[0730/192457.804:ERROR:exception_snapshot_win.cc(98)] thread ID 16040 not found in process
[0730/192741.362:ERROR:process_reader_win.cc(151)] SuspendThread: Access is denied. (0x5)
[0730/192741.363:ERROR:process_reader_win.cc(151)] SuspendThread: Access is denied. (0x5)
[0730/192741.363:ERROR:process_reader_win.cc(151)] SuspendThread: Access is denied. (0x5)
[0730/192741.363:ERROR:process_reader_win.cc(123)] NtOpenThread: {Access Denied} A process has requested access to an object, but has not been granted those access rights. (0xc0000022)
[0730/192741.363:ERROR:exception_snapshot_win.cc(98)] thread ID 14356 not found in process
[0730/192741.371:ERROR:process_reader_win.cc(123)] NtOpenThread: {Access Denied} A process has requested access to an object, but has not been granted those access rights. (0xc0000022)
[0730/192741.371:ERROR:exception_snapshot_win.cc(98)] thread ID 28084 not found in process
[0730/192741.372:ERROR:scoped_process_suspend.cc(40)] NtResumeProcess: An attempt was made to access an exiting process. (0xc000010a)
[0801/101543.523:ERROR:process_reader_win.cc(151)] SuspendThread: Access is denied. (0x5)
[0801/101543.508:ERROR:process_reader_win.cc(151)] SuspendThread: Access is denied. (0x5)
[0801/101543.780:ERROR:process_reader_win.cc(151)] SuspendThread: Access is denied. (0x5)
[0801/101543.780:ERROR:process_reader_win.cc(123)] NtOpenThread: {Access Denied} A process has requested access to an object, but has not been granted those access rights. (0xc0000022)
[0801/101543.895:ERROR:exception_snapshot_win.cc(98)] thread ID 32500 not found in process
[0801/101543.780:ERROR:process_reader_win.cc(123)] NtOpenThread: {Access Denied} A process has requested access to an object, but has not been granted those access rights. (0xc0000022)
[0801/101543.895:ERROR:exception_snapshot_win.cc(98)] thread ID 30120 not found in process
[0801/111453.509:ERROR:process_reader_win.cc(123)] NtOpenThread: {Access Denied} A process has requested access to an object, but has not been granted those access rights. (0xc0000022)
[0801/111453.534:ERROR:process_reader_win.cc(123)] NtOpenThread: {Access Denied} A process has requested access to an object, but has not been granted those access rights. (0xc0000022)
[0801/111453.555:ERROR:exception_snapshot_win.cc(98)] thread ID 12092 not found in process
[0801/111453.555:ERROR:exception_snapshot_win.cc(98)] thread ID 7712 not found in process
[0801/111905.457:ERROR:process_reader_win.cc(123)] NtOpenThread: {Access Denied} A process has requested access to an object, but has not been granted those access rights. (0xc0000022)
[0801/111905.457:ERROR:exception_snapshot_win.cc(98)] thread ID 4320 not found in process
[0801/111905.460:ERROR:process_reader_win.cc(123)] NtOpenThread: {Access Denied} A process has requested access to an object, but has not been granted those access rights. (0xc0000022)
[0801/111905.460:ERROR:exception_snapshot_win.cc(98)] thread ID 11196 not found in process
[0801/111905.489:ERROR:process_reader_win.cc(123)] NtOpenThread: {Access Denied} A process has requested access to an object, but has not been granted those access rights. (0xc0000022)
[0801/111905.489:ERROR:exception_snapshot_win.cc(98)] thread ID 4316 not found in process
[0801/112052.975:ERROR:process_reader_win.cc(151)] SuspendThread: Access is denied. (0x5)
[0801/112052.978:ERROR:process_reader_win.cc(123)] NtOpenThread: {Access Denied} A process has requested access to an object, but has not been granted those access rights. (0xc0000022)
[0801/112052.978:ERROR:exception_snapshot_win.cc(98)] thread ID 8160 not found in process
[0801/112052.991:ERROR:process_reader_win.cc(151)] SuspendThread: Access is denied. (0x5)
[0801/112052.991:ERROR:process_reader_win.cc(123)] NtOpenThread: {Access Denied} A process has requested access to an object, but has not been granted those access rights. (0xc0000022)
[0801/112052.991:ERROR:exception_snapshot_win.cc(98)] thread ID 12324 not found in process
[0801/112052.994:ERROR:process_reader_win.cc(151)] SuspendThread: Access is denied. (0x5)
[0801/112052.994:ERROR:process_reader_win.cc(151)] SuspendThread: Access is denied. (0x5)
[0801/112052.994:ERROR:process_reader_win.cc(151)] SuspendThread: Access is denied. (0x5)
[0801/112052.994:ERROR:process_reader_win.cc(151)] SuspendThread: Access is denied. (0x5)
[0801/112052.994:ERROR:process_reader_win.cc(123)] NtOpenThread: {Access Denied} A process has requested access to an object, but has not been granted those access rights. (0xc0000022)
[0801/112052.994:ERROR:exception_snapshot_win.cc(98)] thread ID 11964 not found in process
[0801/112331.184:ERROR:process_reader_win.cc(123)] NtOpenThread: {Access Denied} A process has requested access to an object, but has not been granted those access rights. (0xc0000022)
[0801/112331.185:ERROR:exception_snapshot_win.cc(98)] thread ID 4532 not found in process
[0801/112331.187:ERROR:process_reader_win.cc(123)] NtOpenThread: {Access Denied} A process has requested access to an object, but has not been granted those access rights. (0xc0000022)
[0801/112331.187:ERROR:exception_snapshot_win.cc(98)] thread ID 6056 not found in process
[0801/112331.202:ERROR:process_reader_win.cc(123)] NtOpenThread: {Access Denied} A process has requested access to an object, but has not been granted those access rights. (0xc0000022)
[0801/112331.202:ERROR:exception_snapshot_win.cc(98)] thread ID 6608 not found in process
[0801/112353.287:ERROR:process_reader_win.cc(151)] SuspendThread: Access is denied. (0x5)
[0801/112353.288:ERROR:process_reader_win.cc(123)] NtOpenThread: {Access Denied} A process has requested access to an object, but has not been granted those access rights. (0xc0000022)
[0801/112353.288:ERROR:exception_snapshot_win.cc(98)] thread ID 14104 not found in process
[0801/112353.303:ERROR:process_reader_win.cc(123)] NtOpenThread: {Access Denied} A process has requested access to an object, but has not been granted those access rights. (0xc0000022)
[0801/112353.303:ERROR:exception_snapshot_win.cc(98)] thread ID 11408 not found in process
